[35m[1mConsolidate compiler generated dependencies of target usb_cam[0m
[35m[1mConsolidate compiler generated dependencies of target gtest[0m
[  7%] [32mBuilding CXX object CMakeFiles/usb_cam_node_exe.dir/rclcpp_components/node_main_usb_cam_node_exe.cpp.o[0m
[ 14%] [32mBuilding CXX object gtest/CMakeFiles/gtest_main.dir/src/gtest_main.cc.o[0m
[ 28%] Built target usb_cam
[ 42%] Built target gtest
[ 50%] [32mBuilding CXX object CMakeFiles/usb_cam_node.dir/src/usb_cam_node.cpp.o[0m
In file included from [01m[K/home/sunrise/wheeltec_robot_ws/src/usb_cam-ros2/usb_cam-ros2/src/usb_cam_node.cpp:34[m[K:
[01m[K/home/sunrise/wheeltec_robot_ws/src/usb_cam-ros2/usb_cam-ros2/include/usb_cam/usb_cam_node.hpp:38:10:[m[K [01;31m[Kfatal error: [m[Kcamera_info_manager/camera_info_manager.hpp: æ²¡æœ‰é‚£ä¸ªæ–‡ä»¶æˆ–ç›®å½•
   38 | #include [01;31m[K"camera_info_manager/camera_info_manager.hpp"[m[K
      |          [01;31m[K^~~~~~~~~~~~~~~~~~~~~~~~~~~~~~~~~~~~~~~~~~~~~[m[K
compilation terminated.
gmake[2]: *** [CMakeFiles/usb_cam_node.dir/build.make:76ï¼šCMakeFiles/usb_cam_node.dir/src/usb_cam_node.cpp.o] é”™è¯¯ 1
gmake[1]: *** [CMakeFiles/Makefile2:189ï¼šCMakeFiles/usb_cam_node.dir/all] é”™è¯¯ 2
gmake[1]: *** æ­£åœ¨ç­‰å¾…æœªå®Œæˆçš„ä»»åŠ¡....
[ 57%] [32m[1mLinking CXX static library libgtest_main.a[0m
[ 57%] Built target gtest_main
[ 64%] [32m[1mLinking CXX executable usb_cam_node_exe[0m
[ 64%] Built target usb_cam_node_exe
gmake: *** [Makefile:146ï¼šall] é”™è¯¯ 2
