[35m[1mConsolidate compiler generated dependencies of target usb_cam_node_exe[0m
[35m[1mConsolidate compiler generated dependencies of target gtest_main[0m
[ 14%] Built target gtest
[ 28%] Built target usb_cam_node_exe
[ 42%] Built target gtest_main
[ 57%] Built target usb_cam
[ 71%] [32mBuilding CXX object CMakeFiles/test_usb_cam_utils.dir/test/test_usb_cam_utils.cpp.o[0m
[ 71%] [32mBuilding CXX object CMakeFiles/test_pixel_formats.dir/test/test_pixel_formats.cpp.o[0m
[ 78%] [32mBuilding CXX object CMakeFiles/usb_cam_node.dir/src/usb_cam_node.cpp.o[0m
In file included from [01m[K/home/sunrise/wheeltec_robot_ws/src/usb_cam-ros2/usb_cam-ros2/src/usb_cam_node.cpp:34[m[K:
[01m[K/home/sunrise/wheeltec_robot_ws/src/usb_cam-ros2/usb_cam-ros2/include/usb_cam/usb_cam_node.hpp:38:10:[m[K [01;31m[Kfatal error: [m[Kcamera_info_manager/camera_info_manager.hpp: 没有那个文件或目录
   38 | #include [01;31m[K"camera_info_manager/camera_info_manager.hpp"[m[K
      |          [01;31m[K^~~~~~~~~~~~~~~~~~~~~~~~~~~~~~~~~~~~~~~~~~~~~[m[K
compilation terminated.
gmake[2]: *** [CMakeFiles/usb_cam_node.dir/build.make:76：CMakeFiles/usb_cam_node.dir/src/usb_cam_node.cpp.o] 错误 1
gmake[1]: *** [CMakeFiles/Makefile2:189：CMakeFiles/usb_cam_node.dir/all] 错误 2
gmake[1]: *** 正在等待未完成的任务....
[ 85%] [32m[1mLinking CXX executable test_pixel_formats[0m
[ 92%] [32m[1mLinking CXX executable test_usb_cam_utils[0m
[ 92%] Built target test_pixel_formats
[ 92%] Built target test_usb_cam_utils
gmake: *** [Makefile:146：all] 错误 2
