[0.071s] Invoking command in '/home/sunrise/wheeltec_robot_ws/build/usb_cam': CMAKE_PREFIX_PATH=${CMAKE_PREFIX_PATH}:/home/sunrise/wheeltec_robot_ws/install/tf2_tools:/opt/ros/humble /usr/bin/cmake --build /home/sunrise/wheeltec_robot_ws/build/usb_cam -- -j4 -l4
[0.347s] [ 14%] Built target gtest_main
[0.388s] [ 28%] Built target gtest
[0.428s] [ 42%] Built target usb_cam
[0.457s] [ 57%] Built target usb_cam_node_exe
[0.550s] [ 71%] Built target test_usb_cam_utils
[0.564s] [ 78%] [32mBuilding CXX object CMakeFiles/usb_cam_node.dir/src/usb_cam_node.cpp.o[0m
[0.565s] [ 92%] Built target test_pixel_formats
[1.151s] In file included from [01m[K/home/sunrise/wheeltec_robot_ws/src/usb_cam-ros2/usb_cam-ros2/src/usb_cam_node.cpp:34[m[K:
[1.152s] [01m[K/home/sunrise/wheeltec_robot_ws/src/usb_cam-ros2/usb_cam-ros2/include/usb_cam/usb_cam_node.hpp:38:10:[m[K [01;31m[Kfatal error: [m[Kcamera_info_manager/camera_info_manager.hpp: æ²¡æœ‰é‚£ä¸ªæ–‡ä»¶æˆ–ç›®å½•
[1.153s]    38 | #include [01;31m[K"camera_info_manager/camera_info_manager.hpp"[m[K
[1.154s]       |          [01;31m[K^~~~~~~~~~~~~~~~~~~~~~~~~~~~~~~~~~~~~~~~~~~~~[m[K
[1.155s] compilation terminated.
[1.161s] gmake[2]: *** [CMakeFiles/usb_cam_node.dir/build.make:76ï¼šCMakeFiles/usb_cam_node.dir/src/usb_cam_node.cpp.o] é”™è¯¯ 1
[1.163s] gmake[1]: *** [CMakeFiles/Makefile2:189ï¼šCMakeFiles/usb_cam_node.dir/all] é”™è¯¯ 2
[1.164s] gmake: *** [Makefile:146ï¼šall] é”™è¯¯ 2
[1.182s] Invoked command in '/home/sunrise/wheeltec_robot_ws/build/usb_cam' returned '2': CMAKE_PREFIX_PATH=${CMAKE_PREFIX_PATH}:/home/sunrise/wheeltec_robot_ws/install/tf2_tools:/opt/ros/humble /usr/bin/cmake --build /home/sunrise/wheeltec_robot_ws/build/usb_cam -- -j4 -l4
